<?xml version="1.0" encoding="UTF-8"?>
<testsuite xmlns:xsi="http://www.w3.org/2001/XMLSchema-instance" xsi:noNamespaceSchemaLocation="https://maven.apache.org/surefire/maven-surefire-plugin/xsd/surefire-test-report.xsd" name="demo.simultan.documentation.DemoApplicationTests" time="8.686" tests="3" errors="0" skipped="0" failures="0">
  <properties>
[...]
</properties>
  <testcase name="whenGetDocs_thenShouldSuccess" classname="demo.simultan.documentation.DemoApplicationTests" time="0.449"/>
  <testcase name="whenGetDocs_thenShouldBadRequest" classname="demo.simultan.documentation.DemoApplicationTests" time="0.018"/>
  <testcase name="whenGetDocs_thenShouldSystemError" classname="demo.simultan.documentation.DemoApplicationTests" time="0.019"/>
</testsuite>